<?xml version="1.0" encoding="UTF-8"?>
<testsuite xmlns:xsi="http://www.w3.org/2001/XMLSchema-instance" xsi:noNamespaceSchemaLocation="https://maven.apache.org/surefire/maven-surefire-plugin/xsd/surefire-test-report-3.0.xsd" version="3.0" name="technikal.task.fishmarket.FishmarketApplicationTests" time="8.029" tests="1" errors="0" skipped="0" failures="0">
  <properties>
[...]
</properties>
  <testcase name="contextLoads" classname="technikal.task.fishmarket.FishmarketApplicationTests" time="0.729">
    <system-out><![CDATA[12:10:34.681 [main] INFO org.springframework.test.context.support.AnnotationConfigContextLoaderUtils -- Could not detect default configuration classes for test class [technikal.task.fishmarket.FishmarketApplicationTests]: FishmarketApplicationTests does not declare any static, non-private, non-final, nested classes annotated with @Configuration.
12:10:34.855 [main] INFO org.springframework.boot.test.context.SpringBootTestContextBootstrapper -- Found @SpringBootConfiguration technikal.task.fishmarket.FishmarketApplication for test class technikal.task.fishmarket.FishmarketApplicationTests
12:10:35.101 [main] INFO org.springframework.boot.devtools.restart.RestartApplicationListener -- Restart disabled due to context in which it is running

  .   ____          _            __ _ _
 /\\ / ___'_ __ _ _(_)_ __  __ _ \ \ \ \
( ( )\___ | '_ | '_| | '_ \/ _` | \ \ \ \
 \\/  ___)| |_)| | | | | || (_| |  ) ) ) )
  '  |____| .__|_| |_|_| |_\__, | / / / /
 =========|_|==============|___/=/_/_/_/

 :: Spring Boot ::                (v3.3.2)

2025-08-23T12:10:35.566+03:00  INFO 12880 --- [fishmarket] [           main] t.t.f.FishmarketApplicationTests         : Starting FishmarketApplicationTests using Java 23.0.1 with PID 12880 (started by belda in C:\Users\belda\Desktop\technical_task-main\technical_task-main)
2025-08-23T12:10:35.568+03:00  INFO 12880 --- [fishmarket] [           main] t.t.f.FishmarketApplicationTests         : No active profile set, falling back to 1 default profile: "default"
2025-08-23T12:10:36.739+03:00  INFO 12880 --- [fishmarket] [           main] .s.d.r.c.RepositoryConfigurationDelegate : Bootstrapping Spring Data JPA repositories in DEFAULT mode.
2025-08-23T12:10:36.816+03:00  INFO 12880 --- [fishmarket] [           main] .s.d.r.c.RepositoryConfigurationDelegate : Finished Spring Data repository scanning in 60 ms. Found 1 JPA repository interface.
2025-08-23T12:10:37.587+03:00  INFO 12880 --- [fishmarket] [           main] o.hibernate.jpa.internal.util.LogHelper  : HHH000204: Processing PersistenceUnitInfo [name: default]
2025-08-23T12:10:37.735+03:00  INFO 12880 --- [fishmarket] [           main] org.hibernate.Version                    : HHH000412: Hibernate ORM core version 6.5.2.Final
2025-08-23T12:10:37.817+03:00  INFO 12880 --- [fishmarket] [           main] o.h.c.internal.RegionFactoryInitiator    : HHH000026: Second-level cache disabled
2025-08-23T12:10:38.510+03:00  INFO 12880 --- [fishmarket] [           main] o.s.o.j.p.SpringPersistenceUnitInfo      : No LoadTimeWeaver setup: ignoring JPA class transformer
2025-08-23T12:10:38.572+03:00  INFO 12880 --- [fishmarket] [           main] com.zaxxer.hikari.HikariDataSource       : HikariPool-1 - Starting...
2025-08-23T12:10:38.833+03:00  INFO 12880 --- [fishmarket] [           main] com.zaxxer.hikari.pool.HikariPool        : HikariPool-1 - Added connection com.mysql.cj.jdbc.ConnectionImpl@26994c6a
2025-08-23T12:10:38.835+03:00  INFO 12880 --- [fishmarket] [           main] com.zaxxer.hikari.HikariDataSource       : HikariPool-1 - Start completed.
2025-08-23T12:10:39.900+03:00  INFO 12880 --- [fishmarket] [           main] o.h.e.t.j.p.i.JtaPlatformInitiator       : HHH000489: No JTA platform available (set 'hibernate.transaction.jta.platform' to enable JTA platform integration)
2025-08-23T12:10:39.964+03:00  INFO 12880 --- [fishmarket] [           main] j.LocalContainerEntityManagerFactoryBean : Initialized JPA EntityManagerFactory for persistence unit 'default'
2025-08-23T12:10:40.861+03:00  WARN 12880 --- [fishmarket] [           main] JpaBaseConfiguration$JpaWebConfiguration : spring.jpa.open-in-view is enabled by default. Therefore, database queries may be performed during view rendering. Explicitly configure spring.jpa.open-in-view to disable this warning
2025-08-23T12:10:40.903+03:00  INFO 12880 --- [fishmarket] [           main] o.s.b.a.w.s.WelcomePageHandlerMapping    : Adding welcome page template: index
2025-08-23T12:10:41.612+03:00  INFO 12880 --- [fishmarket] [           main] t.t.f.FishmarketApplicationTests         : Started FishmarketApplicationTests in 6.537 seconds (process running for 8.126)
]]></system-out>
    <system-err><![CDATA[WARNING: A Java agent has been loaded dynamically (C:\Users\belda\.m2\repository\net\bytebuddy\byte-buddy-agent\1.14.18\byte-buddy-agent-1.14.18.jar)
WARNING: If a serviceability tool is in use, please run with -XX:+EnableDynamicAgentLoading to hide this warning
WARNING: If a serviceability tool is not in use, please run with -Djdk.instrument.traceUsage for more information
WARNING: Dynamic loading of agents will be disallowed by default in a future release
]]></system-err>
  </testcase>
</testsuite>